# The 100 Most Commonly Used Words in English
# By Richard Nordquist
# Listed here, according to the 100-million-word British National Corpus, are the 100 most commonly used words in English.
# http://grammar.about.com/od/words/a/100freqused07.htm

the
be
of
and
a
in
to
have
it
to
for
I
that
you
he
on
with
do
at
by
not
this
but
from
they
his
that
she
or
which
as
we
an
say
will
would
can
if
their
go
what
there
all
get
her
make
who
as
out
up
see
know
time
take
them
some
could
so
him
year
into
its
then
think
my
come
than
more
about
now
last
your
me
no
other
give
just
should
these
people
also
well
any
only
new
very
when
may
way
look
like
use
her
such
how
because
when
as
good
find

# custom additions
even
most
our
over
us
de
un
